2025-03-03 14:22:03 ::1 request:{
    "cus_id":"10",
    "cus_name":"vakin10 chaisi",
    "cus_username":"vaki11n10@bis.com",
    "cus_password":"1234"
}
response: {"result":0,"message":"login-fail","datalist":null}
2025-03-03 14:22:22 ::1 request:{
    "cus_id":"10",
    "cus_name":"vakin10 chaisi",
    "cus_username":"vaki11n4@bis.com",
    "cus_password":"123"
}
response: {"result":0,"message":"login-fail","datalist":null}
2025-03-03 14:22:23 ::1 request:{
    "cus_id":"10",
    "cus_name":"vakin10 chaisi",
    "cus_username":"vaki11n4@bis.com",
    "cus_password":"123"
}
response: {"result":0,"message":"login-fail","datalist":null}
2025-03-03 14:22:24 ::1 request:{
    "cus_id":"10",
    "cus_name":"vakin10 chaisi",
    "cus_username":"vaki11n4@bis.com",
    "cus_password":"123"
}
response: {"result":0,"message":"login-fail","datalist":null}
2025-03-03 14:22:38 ::1 request:{
    "cus_username":"vaki11n4@bis.com",
    "cus_password":"123"
}
response: {"result":0,"message":"login-fail","datalist":null}
2025-03-03 14:22:52 ::1 request:{
    "username":"vaki11n4@bis.com",
    "password":"123"
}
response: {"result":1,"message":"ok","datalist":[{"cus_id":"3","cus_name":"vakin chaisi"}]}
